<?xml version="1.0" encoding="UTF-8"?>
<!-- Generated by org.testng.reporters.JUnitXMLReporter -->
<testsuite hostname="DESKTOP-KV4TQRG" ignored="0" name="Test-Login restricted/unrestricted" tests="2" failures="0" timestamp="23 Mar 2019 19:46:20 GMT" time="27.725" errors="0">
  <testcase name="baseNavigate" time="18.594" classname="Academy.HomePage"/>
  <testcase name="baseNavigate" time="5.478" classname="Academy.HomePage"/>
</testsuite> <!-- Test-Login restricted/unrestricted -->
