<?xml version="1.0" encoding="UTF-8"?>
<!-- Generated by org.testng.reporters.JUnitXMLReporter -->
<testsuite hostname="DESKTOP-KV4TQRG" name="Test-Login restricted/unrestricted" tests="2" failures="0" timestamp="24 Mar 2019 09:15:07 GMT" time="24.054" errors="0">
  <testcase name="baseNavigate" time="12.752" classname="Academy.HomePage"/>
  <testcase name="baseNavigate" time="7.746" classname="Academy.HomePage"/>
</testsuite> <!-- Test-Login restricted/unrestricted -->
