<?xml version="1.0" encoding="UTF-8"?>
<!-- Generated by org.testng.reporters.JUnitReportReporter -->
<testsuite skipped="0" hostname="DESKTOP-KV4TQRG" name="Academy.base" tests="1" failures="0" timestamp="16 Mar 2019 06:21:25 GMT" time="0.015" errors="0">
  <testcase name="initializeDriver" time="0.015" classname="Academy.base"/>
</testsuite> <!-- Academy.base -->
