<?xml version="1.0" encoding="UTF-8"?>
<!-- Generated by org.testng.reporters.JUnitReportReporter -->
<testsuite skipped="0" hostname="DESKTOP-KV4TQRG" name="Academy.hp2" tests="2" failures="0" timestamp="18 Mar 2019 10:38:25 GMT" time="21.291" errors="0">
  <testcase name="basePageNavigation" time="12.019" classname="Academy.hp2"/>
  <testcase name="basePageNavigation" time="9.272" classname="Academy.hp2"/>
</testsuite> <!-- Academy.hp2 -->
