<?xml version="1.0" encoding="UTF-8"?>
<!-- Generated by org.testng.reporters.JUnitReportReporter -->
<testsuite skipped="0" hostname="DESKTOP-KV4TQRG" name="Academy.HomePage" tests="2" failures="0" timestamp="23 Mar 2019 19:46:50 GMT" time="24.072" errors="0">
  <testcase name="baseNavigate" time="5.478" classname="Academy.HomePage"/>
  <testcase name="baseNavigate" time="18.594" classname="Academy.HomePage"/>
</testsuite> <!-- Academy.HomePage -->
