<?xml version="1.0" encoding="UTF-8"?>
<!-- Generated by org.testng.reporters.JUnitReportReporter -->
<testsuite hostname="DESKTOP-KV4TQRG" name="Academy.validateNavBar" tests="1" failures="0" timestamp="24 Mar 2019 09:15:27 GMT" time="7.437" errors="0">
  <testcase name="validateNav" time="7.437" classname="Academy.validateNavBar"/>
</testsuite> <!-- Academy.validateNavBar -->
