<?xml version="1.0" encoding="UTF-8"?>
<!-- Generated by org.testng.reporters.JUnitReportReporter -->
<testsuite hostname="DESKTOP-KV4TQRG" name="Academy.HomePage" tests="2" failures="0" timestamp="24 Mar 2019 09:15:27 GMT" time="20.498" errors="0">
  <testcase name="baseNavigate" time="12.752" classname="Academy.HomePage"/>
  <testcase name="baseNavigate" time="7.746" classname="Academy.HomePage"/>
</testsuite> <!-- Academy.HomePage -->
